0 info it worked if it ends with ok
1 warn npm npm does not support Node.js v0.10.37
2 warn npm You should probably upgrade to a newer version of node as we
3 warn npm can't make any promises that npm will work with this version.
4 warn npm You can find the latest version at https://nodejs.org/
5 verbose cli [ 'node', '/usr/bin/npm', 'run', 'build' ]
6 info using npm@4.0.2
7 info using node@v0.10.37
8 verbose node symlink /usr/bin/node
9 verbose run-script [ 'prebuild', 'build', 'postbuild' ]
10 info lifecycle react-builder@0.1.0~prebuild: react-builder@0.1.0
11 silly lifecycle react-builder@0.1.0~prebuild: no script for prebuild, continuing
12 info lifecycle react-builder@0.1.0~build: react-builder@0.1.0
13 verbose lifecycle react-builder@0.1.0~build: unsafe-perm in lifecycle true
14 verbose lifecycle react-builder@0.1.0~build: PATH: /usr/lib/node_modules/npm/bin/node-gyp-bin:/home/developer/OctaBruzzesi/startup/Project/node_modules/.bin:/opt/firefox_test:/opt/java/latest/bin:/opt/iona/asp6.3.4/asp/6.3/bin:/opt/orbixetc/bin:/home/developer/bin:/usr/local/sbin:/usr/local/bin:/usr/sbin:/usr/bin:/sbin:/bin:/usr/games:/usr/local/games:/opt/groovy/latest/bin:/opt/gradle/latest/bin:/opt/maven3/bin:/opt/idea/bin
15 verbose lifecycle react-builder@0.1.0~build: CWD: /home/developer/OctaBruzzesi/startup/Project
16 silly lifecycle react-builder@0.1.0~build: Args: [ '-c', 'gulp' ]
17 silly lifecycle react-builder@0.1.0~build: Returned: code: 8  signal: null
18 info lifecycle react-builder@0.1.0~build: Failed to exec build script
19 verbose stack Error: react-builder@0.1.0 build: `gulp`
19 verbose stack Exit status 8
19 verbose stack     at EventEmitter.<anonymous> (/usr/lib/node_modules/npm/lib/utils/lifecycle.js:279:16)
19 verbose stack     at EventEmitter.emit (events.js:98:17)
19 verbose stack     at ChildProcess.<anonymous> (/usr/lib/node_modules/npm/lib/utils/spawn.js:40:14)
19 verbose stack     at ChildProcess.emit (events.js:98:17)
19 verbose stack     at maybeClose (child_process.js:766:16)
19 verbose stack     at Process.ChildProcess._handle.onexit (child_process.js:833:5)
20 verbose pkgid react-builder@0.1.0
21 verbose cwd /home/developer/OctaBruzzesi/startup/Project
22 error Linux 3.13.0-101-generic
23 error argv "node" "/usr/bin/npm" "run" "build"
24 error node v0.10.37
25 error npm  v4.0.2
26 error code ELIFECYCLE
27 error react-builder@0.1.0 build: `gulp`
27 error Exit status 8
28 error Failed at the react-builder@0.1.0 build script 'gulp'.
28 error Make sure you have the latest version of node.js and npm installed.
28 error If you do, this is most likely a problem with the react-builder package,
28 error not with npm itself.
28 error Tell the author that this fails on your system:
28 error     gulp
28 error You can get information on how to open an issue for this project with:
28 error     npm bugs react-builder
28 error Or if that isn't available, you can get their info via:
28 error     npm owner ls react-builder
28 error There is likely additional logging output above.
29 verbose exit [ 1, true ]
